[debug] [2022-02-08T21:54:19.669Z] ----------------------------------------------------------------------
[debug] [2022-02-08T21:54:19.670Z] Command:       C:\Program Files\nodejs\node.exe C:\Users\mrwan\AppData\Roaming\npm\node_modules\firebase-tools\lib\bin\firebase.js init
[debug] [2022-02-08T21:54:19.671Z] CLI Version:   10.1.5
[debug] [2022-02-08T21:54:19.671Z] Platform:      win32
[debug] [2022-02-08T21:54:19.671Z] Node Version:  v16.13.1
[debug] [2022-02-08T21:54:19.671Z] Time:          Tue Feb 08 2022 23:54:19 GMT+0200 (Eastern European Standard Time)
[debug] [2022-02-08T21:54:19.671Z] ----------------------------------------------------------------------
[debug] 
[debug] [2022-02-08T21:54:19.736Z] > command requires scopes: ["email","openid","https://www.googleapis.com/auth/cloudplatformprojects.readonly","https://www.googleapis.com/auth/firebase","https://www.googleapis.com/auth/cloud-platform"]
[debug] [2022-02-08T21:54:19.736Z] > authorizing via signed-in user (mrwan311@gmail.com)
[info] 
     ######## #### ########  ######## ########     ###     ######  ########
     ##        ##  ##     ## ##       ##     ##  ##   ##  ##       ##
     ######    ##  ########  ######   ########  #########  ######  ######
     ##        ##  ##    ##  ##       ##     ## ##     ##       ## ##
     ##       #### ##     ## ######## ########  ##     ##  ######  ########

You're about to initialize a Firebase project in this directory:

  C:\Users\mrwan\Desktop\job-apps\portfolio

Before we get started, keep in mind:

  * You are initializing within an existing Firebase project directory

[info] 
=== Project Setup
[info] 
[info] First, let's associate this project directory with a Firebase project.
[info] You can create multiple project aliases by running firebase use --add, 
[info] but for now we'll just set up a default project.
[info] 
[debug] [2022-02-08T21:54:27.946Z] Using project from CLI flag: portfolio-faaaa
[debug] [2022-02-08T21:54:27.947Z] > refreshing access token with scopes: []
[debug] [2022-02-08T21:54:27.948Z] >>> HTTP REQUEST POST https://www.googleapis.com/oauth2/v3/token  
 <request body omitted>
[debug] [2022-02-08T21:54:28.251Z] <<< HTTP RESPONSE 200 {"pragma":"no-cache","expires":"Mon, 01 Jan 1990 00:00:00 GMT","date":"Tue, 08 Feb 2022 21:54:17 GMT","cache-control":"no-cache, no-store, max-age=0, must-revalidate","content-type":"application/json; charset=utf-8","vary":"X-Origin, Referer, Origin,Accept-Encoding","server":"scaffolding on HTTPServer2","x-xss-protection":"0","x-frame-options":"SAMEORIGIN","x-content-type-options":"nosniff","alt-svc":"h3=\":443\"; ma=2592000,h3-29=\":443\"; ma=2592000,h3-Q050=\":443\"; ma=2592000,h3-Q046=\":443\"; ma=2592000,h3-Q043=\":443\"; ma=2592000,quic=\":443\"; ma=2592000; v=\"46,43\"","accept-ranges":"none","transfer-encoding":"chunked"}
[debug] [2022-02-08T21:54:28.263Z] >>> [apiv2][query] GET https://firebase.googleapis.com/v1beta1/projects/portfolio-faaaa [none]
[debug] [2022-02-08T21:54:28.702Z] <<< [apiv2][status] GET https://firebase.googleapis.com/v1beta1/projects/portfolio-faaaa 200
[debug] [2022-02-08T21:54:28.702Z] <<< [apiv2][body] GET https://firebase.googleapis.com/v1beta1/projects/portfolio-faaaa {"projectId":"portfolio-faaaa","projectNumber":"801374806917","displayName":"portfolio","name":"projects/portfolio-faaaa","resources":{"hostingSite":"portfolio-faaaa"},"state":"ACTIVE"}
[info] i  Using project portfolio-faaaa (portfolio) 
[info] 
=== Hosting Setup
[info] 
[info] Your public directory is the folder (relative to your project directory) that
[info] will contain Hosting assets to be uploaded with firebase deploy. If you
[info] have a build process for your assets, use your build's output directory.
[info] 
